<?xml version="1.0" encoding="UTF-8"?>
<!-- Generated by org.testng.reporters.JUnitXMLReporter -->
<testsuite ignored="3" hostname="Baraa" failures="0" tests="1" name="Default test" time="16.536" errors="0" timestamp="2024-12-06T19:39:36 EET">
  <testcase classname="MyMobileTestCase" name="GetTheEvenNumbers" time="16.489"/>
  <testcase classname="MyMobileTestCase" name="AddTwoRandomsNumber" time="0.0">
    <ignored/>
  </testcase> <!-- AddTwoRandomsNumber -->
  <testcase classname="MyMobileTestCase" name="GetTheOddNumbers" time="0.0">
    <ignored/>
  </testcase> <!-- GetTheOddNumbers -->
  <testcase classname="MyMobileTestCase" name="AddTwoNumbers" time="0.0">
    <ignored/>
  </testcase> <!-- AddTwoNumbers -->
</testsuite> <!-- Default test -->
