<?xml version="1.0" encoding="UTF-8"?>
<testng-results ignored="3" total="4" passed="1" failed="0" skipped="0">
  <reporter-output>
  </reporter-output>
  <suite started-at="2024-12-06T19:39:19 EET" name="Default suite" finished-at="2024-12-06T19:39:36 EET" duration-ms="16536">
    <groups>
    </groups>
    <test started-at="2024-12-06T19:39:19 EET" name="Default test" finished-at="2024-12-06T19:39:36 EET" duration-ms="16536">
      <class name="MyMobileTestCase">
        <test-method is-config="true" signature="MySetup()[pri:0, instance:MyMobileTestCase@1189dd52]" started-at="2024-12-06T19:39:19 EET" name="MySetup" finished-at="2024-12-06T19:39:19 EET" duration-ms="12" status="PASS">
          <reporter-output>
          </reporter-output>
        </test-method> <!-- MySetup -->
        <test-method signature="GetTheEvenNumbers()[pri:0, instance:MyMobileTestCase@1189dd52]" started-at="2024-12-06T19:39:19 EET" name="GetTheEvenNumbers" finished-at="2024-12-06T19:39:36 EET" duration-ms="16489" status="PASS">
          <reporter-output>
          </reporter-output>
        </test-method> <!-- GetTheEvenNumbers -->
      </class> <!-- MyMobileTestCase -->
    </test> <!-- Default test -->
  </suite> <!-- Default suite -->
</testng-results>
